INFO:oauth2client.client:Refreshing access_token
INFO:oauth2client.client:Refreshing access_token
INFO:root:Inserted in sheet : Prof. Sourav Borah souravb@iima.ac.in +91-79-6632 4925 faculty.iima.ac.in/~souravb 	Marketing
INFO:root:Inserted in sheet : Prof. Tathagata Bandyopadhyay tathagata@iima.ac.in +91-79-6632 4913 faculty.iima.ac.in/~tathagata 	Production and Quantitative Methods
INFO:root:Inserted in sheet : Prof. Anindya Chakrabarti anindyac@iima.ac.in +91-79-6632 4902 https://sites.google.com/site/homepageasc/home 	Economics
INFO:root:Inserted in sheet : Prof. Chirantan Chatterjee chirantanc@iima.ac.in +91-79-6632 4946 https://sites.google.com/view/chirantanonline/ 	Business Policy, Economics | ICICI Bank Chair in Strategic Management
INFO:root:Inserted in sheet : Prof. Devasmita Chakraverty devasmitac@iima.ac.in +91-79-6632 4827 https://www.iima.ac.in/web/faculty/faculty-profiles/devasmita-chakraverty 	Ravi J Matthai Centre for Educational Innovation
INFO:root:Inserted in sheet : Prof. Rajesh Chandwani rajeshc@iima.ac.in +91-79-6632 4873 faculty.iima.ac.in/~rajeshc 	Human Resources Management
INFO:root:Inserted in sheet : Prof. Sandip Chakrabarti sandipc@iima.ac.in +91-79-6632 4949 faculty.iima.ac.in/~sandipc 	Public Systems Group
INFO:root:Inserted in sheet : Prof. Abhiman Das abhiman@iima.ac.in Email: faculty.iima.ac.in/~abhiman 	Economics
INFO:root:Inserted in sheet : Prof. Ambrish Dongre ambrishd@iima.ac.in +91-79-6632 4926 faculty.iima.ac.in/~ambrishd 	Ravi J Matthai Centre for Educational Innovation
INFO:root:Inserted in sheet : Prof. Errol D'Souza director@iima.ac.in +91-79-6632 4848 errol@iima.ac.in 	Director
INFO:root:Inserted in sheet : Prof. Goutam Dutta goutam@iima.ac.in +91-79-6632 4828 faculty.iima.ac.in/~goutam 	Productive and Quantitative Methods
INFO:root:Inserted in sheet : Prof. Naman Desai namand@iima.ac.in +91-79-6632 4386 faculty.iima.ac.in/~namand 	Finance and Accounting
INFO:root:Inserted in sheet : Prof. Premilla D'Cruz pdcruz@iima.ac.in +91-79-6632 4933 faculty.iima.ac.in/~pdcruz 	Organizational Behaviour
INFO:root:Inserted in sheet : Prof. Pritha Dev pritha@iima.ac.in +91-79-6632 4934 https://sites.google.com/site/prithadev/ 	Economics
INFO:root:Inserted in sheet : Prof. Satish Y. Deodhar satish@iima.ac.in +91-79-6632 4817 faculty.iima.ac.in/~satish 	Economics Area
INFO:root:Inserted in sheet : Prof. Swanand Deodhar swanandd@iima.ac.in +91-79-6632 4892 faculty.iima.ac.in/~swanandd 	Information Systems
INFO:root:Inserted in sheet : Prof. Mohammad Fuad mohammad@iima.ac.in +91-79-6632 4869 faculty.iima.ac.in/~mohammad 	Business Policy
INFO:root:Inserted in sheet : Prof. Amit Garg amitgarg@iima.ac.in +91-79-6632 4952 Google Scholar Citation Profile 	Public Systems Group
INFO:root:Inserted in sheet :  apratim@iima.ac.in +91-79-6632 4803 faculty.iima.ac.in/~apratim 
INFO:root:Inserted in sheet : Prof. Diptesh Ghosh diptesh@iima.ac.in +91-79-6632 4917 faculty.iima.ac.in/~diptesh 	Production and Quantitative Methods
INFO:root:Inserted in sheet : Prof. K V Gopakumar kvgopakumar@iima.ac.in Email: faculty.iima.ac.in/~kvgopakumar 	Organizational Behaviour
INFO:root:Inserted in sheet : Prof. Kandathil George gmk@iima.ac.in +91-79-6632 4812 faculty.iima.ac.in/~gmk 	Organizational Behaviour
INFO:root:Inserted in sheet : Prof. Parvinder Gupta pgupta@iima.ac.in +91-79-6632 4872 faculty.iima.ac.in/~pgupta 	Organizational Behaviour
INFO:root:Inserted in sheet : Prof. Ranjan Kumar Ghosh ranjang@iima.ac.in +91-79-6632-4913 http://ranjanrgt.wixsite.com/ranjanghosh 
INFO:root:Inserted in sheet : Prof. Samrat Gupta samratg@iima.ac.in +91-79-6632 4957 faculty.iima.ac.in/~samratg 	Information Systems
INFO:root:Inserted in sheet : Shailesh Gandhi shailesh@iima.ac.in +91-79-6632 4864 faculty.iima.ac.in/~shailesh 	Finance and Accounting (F&A)
INFO:root:Inserted in sheet : Prof. Vishal Gupta, Organisational Behaviour Area vishal@iima.ac.in  https://faculty.iima.ac.in/~vishal/ 
INFO:root:Inserted in sheet : Prof. Anil Kumar H anilkumar@iima.ac.in +91-79-6632 4987 faculty.iima.ac.in/~anilkumar 	Library and Information Science
INFO:root:Inserted in sheet : Anand Kumar Jaiswal akjaiswal@iima.ac.in +91-79-6632 4862 faculty.iima.ac.in/~akjaiswal 	Marketing 
INFO:root:Inserted in sheet : Prof. Joshy Jacob joshyjacob@iima.ac.in +91-79-6632 4878 faculty.iima.ac.in/~joshyjacob 	Finance and Accounting (F&A)
INFO:root:Inserted in sheet : Prof. Sachin Jayaswal sachin@iima.ac.in +91-79-6632 4877 faculty.iima.ac.in/~sachin 	Production and Quantitative Methods
INFO:root:Inserted in sheet : Prof. Tarun Jain tarunj@iima.ac.in +91-79-6632 4955 https://sites.google.com/virginia.edu/tarunjain/ 	Economics
INFO:root:Inserted in sheet : Prof. Amit Karna karna@iima.ac.in +91-79-6632 4928 faculty.iima.ac.in/~karna 	Business Policy
INFO:root:Inserted in sheet : Prof. Anuj Kapoor anujk@iima.ac.in +91-79-7152 4924 faculty.iima.ac.in/~anujk 	Marketing
INFO:root:Inserted in sheet : Prof. Asha Kaul ashakaul@iima.ac.in +91-79-6632 4813 faculty.iima.ac.in/~ashakaul 	Communications
INFO:root:Inserted in sheet : Prof. Pradyumana Khokle khokle@iima.ac.in +91-79-6632 4919 faculty.iima.ac.in/~khokle 	Organizational Behaviour
INFO:root:Inserted in sheet : Prof. Reetika Khera reetikak@iima.ac.in +91-79-6632 4884 faculty.iima.ac.in/~reetikak 	Economics, Public Systems Group
INFO:root:Inserted in sheet :     
INFO:root:Inserted in sheet : Prof. Vaibhavi Kulkarni vaibhavik@iima.ac.in Email: faculty.iima.ac.in/~vaibhavik 	Communications Area
INFO:root:Inserted in sheet : Prof. Arnab Kumar Laha arnab@iima.ac.in +91-79-6632 4947 faculty.iima.ac.in/~arnab 	Production and Quantitative Methods
INFO:root:Inserted in sheet : Prof. Aditya Christopher Moses adityam@iima.ac.in +91-79-6632 4945 faculty.iima.ac.in/~adityam 
INFO:root:Inserted in sheet : Prof. Adrija Majumdar adrija@iima.ac.in +91-79-6632 4802 faculty.iima.ac.in/~adrijamajumdar 	Information Systems
INFO:root:Inserted in sheet : Prof. Ajeet N Mathur anmathur@iima.ac.in +91-79-6632 4858 faculty.iima.ac.in/~anmathur 	Business Policy and Economics
INFO:root:Inserted in sheet : Prof. Navdeep Mathur navdeep@iima.ac.in +91-79-6632 4406 faculty.iima.ac.in/~navdeep 	Public Systems Group
INFO:root:Inserted in sheet : Prof. Sanket Mohapatra sanketm@iima.ac.in +91-79-6632 4806 http://www.sanketmohapatra.com/ 	Economics
INFO:root:Inserted in sheet : Prof. Saral Mukherjee saralm@iima.ac.in +91-79-6632 4929 faculty.iima.ac.in/~saralm 	Production and Quantitative Methods
INFO:root:Inserted in sheet : Prof. Sarrion Miguel miguels@iima.ac.in +91-79-6632 4902 faculty.iima.ac.in/~miguels 	Human Resources Managment
INFO:root:Inserted in sheet : Prof. Sebastian Morris morris@iima.ac.in +91-79-6632 4805 faculty.iima.ac.in/~morris 	Economics, Public Systems
INFO:root:Inserted in sheet : Prof. Soumya Mukhopadhyay soumyam@iima.ac.in +91-79-6632 4387 faculty.iima.ac.in/~soumyam 	Marketing
INFO:root:Inserted in sheet : Prof. Sunil Maheshwari sunilm@iima.ac.in +91-79-6632 4807 faculty.iima.ac.in/~sunilm 	Human Resources Management
INFO:root:Inserted in sheet : Dr. Amit Nandkeolyar amitn@iima.ac.in  faculty.iima.ac.in/~amitn 	Organizational Behaviour
INFO:root:Inserted in sheet : Prof. Ernesto Noronha enoronha@iima.ac.in +91-79-6632 4856 faculty.iima.ac.in/~enoronha 	Organizational Behaviour
INFO:root:Inserted in sheet : Prof. Hari K Nagarajan hknagarajan@iima.ac.in +91-79-6632 4819 faculty.iima.ac.in/~hknagarajan 	Centre for Management in Agriculture
INFO:root:Inserted in sheet : Neerav Nagar neeravn@iima.ac.in +91-79-6632 4897 faculty.iima.ac.in/~neeravn 	Associate Professor, Finance and Accounting
INFO:root:Inserted in sheet :  sundaravallin@iima.ac.in sundaravallin@iima.ac.in faculty.iima.ac.in/~sundaravallin 
INFO:root:Inserted in sheet : Prof. Ajay Pandey apandey@iima.ac.in +91-79-6632 4879 faculty.iima.ac.in/~apandey 	Finance and Accounting
INFO:root:Inserted in sheet : Prof. Akhileshwar Pathak akhil@iima.ac.in +91-79-6632 4943 faculty.iima.ac.in/~akhil 	Business Policy
INFO:root:Inserted in sheet : Dr. Smita Premchander smitap@iima.ac.in   	Finance and Accounting
INFO:root:Inserted in sheet : Prof. Viswanath Pingali viswanath@iima.ac.in +91-79-6632 4859 faculty.iima.ac.in/~viswanath 	Economics
INFO:root:Inserted in sheet : Prof. Debjit Roy debjit@iima.ac.in +91-79-6632 4823 faculty.iima.ac.in/~debjit 	Production and Quantitative Methods
INFO:root:Inserted in sheet : Prof. Jeevant Rampal jeevantr@iima.ac.in +91-79-6632 4939 http://sites.google.com/site/jeevantrampalecon/ 	Economics
INFO:root:Inserted in sheet :     
INFO:root:Inserted in sheet : Prof. M P Ram Mohan mprmohan@iima.ac.in Email:  	Business Policy
INFO:root:Inserted in sheet : Prof. Rajnish Rai rajnishrai@iima.ac.in +91-79-6632 4832 faculty.iima.ac.in/~rajnishrai 	Public Systems Group
INFO:root:Inserted in sheet : Prof. Subhadip Roy subhadipr@iima.ac.in Email: faculty.iima.ac.in/~subhadipr 	Marketing
INFO:root:Inserted in sheet : Prof. T T Ram Mohan ttr@iima.ac.in +91-79-6632 4915 faculty.iima.ac.in/~ttr 	Finance and Accounting
INFO:root:Inserted in sheet : Dr. Y V Reddy    	Economics
INFO:root:Inserted in sheet : Prof. Anish Sugathan anishs@iima.ac.in +91-79-6632 4923 http://scholar.harvard.edu/anish/home 	Business Policy
INFO:root:Inserted in sheet : Prof. Ankur Sarin asarin@iima.ac.in +91-79-6632 4953 faculty.iima.ac.in/~asarin 	Public Systems Group
INFO:root:Inserted in sheet : Prof. Ankur Sinha asinha@iima.ac.in +91-79-6632 4837 faculty.iima.ac.in/~asinha 	Production and Quantitative Methods
INFO:root:Inserted in sheet : Arvind Sahay asahay@iima.ac.in +91-79-6632 4896 faculty.iima.ac.in/~asahay 	Marketing
INFO:root:Inserted in sheet : Prof. Chetan Soman chetan@iima.ac.in +91-79-6632 4839 faculty.iima.ac.in/~chetan 	Production and Quantitative Methods
INFO:root:Inserted in sheet : Prof. Chitra Singla chitras@iima.ac.in +91-79-6632 4882 faculty.iima.ac.in/~chitras 	Business Policy
INFO:root:Inserted in sheet : Karthik Sriram karthiks@iima.ac.in +91-79-6632 4875 faculty.iima.ac.in/~karthiks 	Production and Quantitative Methods
INFO:root:Inserted in sheet : Prof. Kathan Shukla kathans@iima.ac.in +91-79-6632 4909 http://www.kathanshukla.com 	Ravi J Matthai Centre For Educational Innovation
INFO:root:Inserted in sheet : Prof. Kirti Sharda kirti@iima.ac.in +91-79 6632 4922 faculty.iima.ac.in/~kirti  Organizational Behaviour (OB)
INFO:root:Inserted in sheet : Prof. Manjari Singh manjari@iima.ac.in +91-79-6632 4914 faculty.iima.ac.in/~manjari 	Human Resources Management
INFO:root:Inserted in sheet : Prof. Meenakshi Sharma msharma@iima.ac.in +91-79-6632 4816 faculty.iima.ac.in/~msharma 	Communications (COM)
INFO:root:Inserted in sheet : Prof. Mukesh Sud mukeshs@iima.ac.in +91-79-6632 4957 faculty.iima.ac.in/~mukeshs 	Business Policy
INFO:root:Inserted in sheet : Prof. Pranav Singh pranav@iima.ac.in +91-79-6632 4954 faculty.iima.ac.in/~pranavsingh 	Finance and Accounting
INFO:root:Inserted in sheet : Prof. Rajat Sharma rajats@iima.ac.in +91-79-6632 4938 faculty.iima.ac.in/~rajats 	Marketing
INFO:root:Inserted in sheet : Prof. Ramanathan Subramaniam ramanathan@iima.ac.in +91-79-6632 4958 faculty.iima.ac.in/~ramanathan 	Marketing
INFO:root:Inserted in sheet : Prof. Sidharth Sinha sidharth@iima.ac.in +91-79-6632 4876 faculty.iima.ac.in/~sidharth 	Finance and Accounting
INFO:root:Inserted in sheet : Prof. Sukhpal Singh sukhpal@iima.ac.in +91-79-6632 4855 faculty.iima.ac.in/~sukhpal 	Centre for Management in Agriculture
INFO:root:Inserted in sheet : Prof. Sunil Sharma sunilsharma@iima.ac.in +91-79-6632 4835 https:// 	Business Policy
INFO:root:Inserted in sheet : Prof. Vijay Paul Sharma (On Long Leave) vijays@iima.ac.in +91-79-6632 4819 faculty.iima.ac.in/~vijays 	Centre for Management in Agriculture
INFO:root:Inserted in sheet : Prof. Chinmay Tumbe chinmayt@iima.ac.in +91-79-6632 4902 https://sites.google.com/site/chinmaytumbe/ 	Economics
INFO:root:Inserted in sheet : Prof. Rama Mohana R Turaga mohant@iima.ac.in Phone: faculty.iima.ac.in/~mohant 	Public Systems Group
INFO:root:Inserted in sheet : Prof. Biju Varkkey bvarkkey@iima.ac.in +91-79-6632 4874 faculty.iima.ac.in/~bvarkkey 	Human Resources Management
INFO:root:Inserted in sheet : Prof. Jayanth R Varma jrvarma@iima.ac.in +91-79-6632 4867 faculty.iima.ac.in/~jrvarma 	Finance and Accounting
INFO:root:Inserted in sheet : Prof. Mukul Vasavada mukul@iima.ac.in +91-79-6632 4924  	Communications
INFO:root:Inserted in sheet : Prof. Neharika Vohra neharika@iima.ac.in +91-79-6632 4918 faculty.iima.ac.in/~neharika 	Organizational Behaviour
INFO:root:Inserted in sheet : Prof. Poornima Varma poornimav@iima.ac.in +91-79-6632 4818 faculty.iima.ac.in/~poornimav 	Center for Management in Agriculture
INFO:root:Inserted in sheet : Prof. Prahalad Venkateshan faculty.iima.ac.in/~prahalad prahaladAtiimaDoTacdOtin  	Production and Quantitative Methods
INFO:root:Inserted in sheet : Prof. Sanjay Verma sverma@iima.ac.in +91-79-6632 4804 faculty.iima.ac.in/~sverma 	Information Systems
INFO:root:Inserted in sheet : Sherry Chand Vijaya vijaya@iima.ac.in Email: faculty.iima.ac.in/~vijaya 	Ravi J. Matthai Centre for Educational Innovation
INFO:root:Inserted in sheet : Prof. Vidya Vemireddy vidyav@iima.ac.in +91-79-6632 4953 faculty.iima.ac.in/~vidyav 	Centre for Management in Agriculture
INFO:root:Inserted in sheet : Prof. Vineet Virmani vineetv@iima.ac.in +91-79-6632 4868 https://faculty.iima.ac.in/~vineetv 	Finance and Accounting (F&A) Area
INFO:root:Inserted in sheet : Akshaya Vijayalakshmi akshayav@iima.ac.in Wing 10 E  
INFO:root:Inserted in sheet : Anurag K Agarwal akagarwal@iima.ac.in +91-79-6632 4916 faculty.iima.ac.in/~akagarwal 	Business Policy
INFO:root:Inserted in sheet : Prof. Aruna Divya T. arunadt@iima.ac.in +91-79-6632 4944 faculty.iima.ac.in/~arunadt 	Marketing
INFO:root:Inserted in sheet : Prof. Naveen Amblee naveena@iima.ac.in +91-79-6632 4932 faculty.iima.ac.in/~naveena 	Marketing
INFO:root:Inserted in sheet : Promila Agarwal promila@iima.ac.in Secretary: +91-79-6632 4820 faculty.iima.ac.in/~promila 
INFO:root:Inserted in sheet : Sobhesh Kumar Agarwalla sobhesh@iima.ac.in  faculty.iima.ac.in/~sobhesh 	Finance and Accounting
INFO:root:Inserted in sheet : Prof. Arindam Banerjee arindam@iima.ac.in +91-79-6632 4898 faculty.iima.ac.in/~arindam 	Marketing
INFO:root:Inserted in sheet : Prof. Deepti Bhatnagar deepti@iima.ac.in   	Organizational Behaviour
INFO:root:Inserted in sheet : Dhiman Bhadra dhiman@iima.ac.in +91-79-6632 4893 faculty.iima.ac.in/~dhiman 	Associate Professor, Production and Quantitative Methods
INFO:root:Inserted in sheet : Prof. Rakesh Basant rakesh@iima.ac.in +91-79-6632 4838 faculty.iima.ac.in/~rakesh 	Economics
INFO:root:Inserted in sheet : Prof. Rama Bijapurkar ramab@iima.ac.in ramab@iima.ac.in  	Marketing
INFO:root:Inserted in sheet : Prof. Sourav Borah souravb@iima.ac.in +91-79-6632 4925 faculty.iima.ac.in/~souravb 	Marketing
INFO:root:Inserted in sheet : Prof. Tathagata Bandyopadhyay tathagata@iima.ac.in +91-79-6632 4913 faculty.iima.ac.in/~tathagata 	Production and Quantitative Methods
INFO:root:Inserted in sheet : Prof. Anindya Chakrabarti anindyac@iima.ac.in +91-79-6632 4902 https://sites.google.com/site/homepageasc/home 	Economics
INFO:root:Inserted in sheet : Prof. Chirantan Chatterjee chirantanc@iima.ac.in +91-79-6632 4946 https://sites.google.com/view/chirantanonline/ 	Business Policy, Economics | ICICI Bank Chair in Strategic Management
INFO:root:Inserted in sheet : Prof. Devasmita Chakraverty devasmitac@iima.ac.in +91-79-6632 4827 https://www.iima.ac.in/web/faculty/faculty-profiles/devasmita-chakraverty 	Ravi J Matthai Centre for Educational Innovation
INFO:root:Inserted in sheet : Prof. Rajesh Chandwani rajeshc@iima.ac.in +91-79-6632 4873 faculty.iima.ac.in/~rajeshc 	Human Resources Management
INFO:root:Inserted in sheet : Prof. Sandip Chakrabarti sandipc@iima.ac.in +91-79-6632 4949 faculty.iima.ac.in/~sandipc 	Public Systems Group
INFO:root:Inserted in sheet : Prof. Abhiman Das abhiman@iima.ac.in Email: faculty.iima.ac.in/~abhiman 	Economics
INFO:root:Inserted in sheet : Prof. Ambrish Dongre ambrishd@iima.ac.in +91-79-6632 4926 faculty.iima.ac.in/~ambrishd 	Ravi J Matthai Centre for Educational Innovation
INFO:root:Inserted in sheet : Prof. Errol D'Souza director@iima.ac.in +91-79-6632 4848 errol@iima.ac.in 	Director
INFO:root:Inserted in sheet : Prof. Goutam Dutta goutam@iima.ac.in +91-79-6632 4828 faculty.iima.ac.in/~goutam 	Productive and Quantitative Methods
INFO:root:Inserted in sheet : Prof. Naman Desai namand@iima.ac.in +91-79-6632 4386 faculty.iima.ac.in/~namand 	Finance and Accounting
